[debug] [2020-01-01T12:27:18.903Z] ----------------------------------------------------------------------
[debug] [2020-01-01T12:27:18.906Z] Command:       /usr/local/bin/node /usr/local/bin/firebase serve
[debug] [2020-01-01T12:27:18.906Z] CLI Version:   7.11.0
[debug] [2020-01-01T12:27:18.906Z] Platform:      darwin
[debug] [2020-01-01T12:27:18.906Z] Node Version:  v12.13.0
[debug] [2020-01-01T12:27:18.907Z] Time:          Wed Jan 01 2020 20:27:18 GMT+0800 (GMT+08:00)
[debug] [2020-01-01T12:27:18.907Z] ----------------------------------------------------------------------
[debug] [2020-01-01T12:27:18.907Z] 
[debug] [2020-01-01T12:27:18.916Z] > command requires scopes: ["email","openid","https://www.googleapis.com/auth/cloudplatformprojects.readonly","https://www.googleapis.com/auth/firebase","https://www.googleapis.com/auth/cloud-platform"]
[debug] [2020-01-01T12:27:18.917Z] > authorizing via signed-in user
[debug] [2020-01-01T12:27:18.917Z] [iam] checking project modern-furniture-project for permissions ["firebase.projects.get"]
[debug] [2020-01-01T12:27:18.919Z] >>> HTTP REQUEST POST https://cloudresourcemanager.googleapis.com/v1/projects/modern-furniture-project:testIamPermissions  

[debug] [2020-01-01T12:27:20.380Z] <<< HTTP RESPONSE 200
[debug] [2020-01-01T12:27:20.382Z] >>> HTTP REQUEST GET https://firebase.googleapis.com/v1beta1/projects/modern-furniture-project  
 
[debug] [2020-01-01T12:27:21.015Z] <<< HTTP RESPONSE 200
[info] 
[info] === Serving from '/Users/blueheart/Documents/個人網頁作品專案/Modern furniture project'...
[info] 
[debug] [2020-01-01T12:27:21.017Z] >>> HTTP REQUEST GET https://firebase.googleapis.com/v1beta1/projects/modern-furniture-project/webApps/-/config  
 
[debug] [2020-01-01T12:27:22.359Z] <<< HTTP RESPONSE 200
[info] i  hosting: Serving hosting files from: dist
[info] ✔  hosting: Local server: http://localhost:5000
